android/app/build/intermediates/manifest_merge_blame_file/debug/processDebugMainManifest/manifest-merger-blame-debug-report.txt
1<?xml version="1.0" encoding="utf-8"?>
2<manifest xmlns:android="http://schemas.android.com/apk/res/android"
3    package="com.papon254.myproj"
4    android:versionCode="1"
5    android:versionName="1.0.0" >
6
7    <uses-sdk
8        android:minSdkVersion="24"
9        android:targetSdkVersion="34" />
10
11    <uses-permission android:name="android.permission.SYSTEM_ALERT_WINDOW" />
11-->src\main\AndroidManifest.xml:7:3-75
11-->src\main\AndroidManifest.xml:7:20-73
12    <uses-permission android:name="android.permission.CAMERA" />
12-->src\main\AndroidManifest.xml:2:3-62
12-->src\main\AndroidManifest.xml:2:20-60
13    <uses-permission android:name="android.permission.INTERNET" />
13-->src\main\AndroidManifest.xml:3:3-64
13-->src\main\AndroidManifest.xml:3:20-62
14    <uses-permission android:name="android.permission.MODIFY_AUDIO_SETTINGS" />
14-->src\main\AndroidManifest.xml:4:3-77
14-->src\main\AndroidManifest.xml:4:20-75
15    <uses-permission android:name="android.permission.READ_EXTERNAL_STORAGE" />
15-->src\main\AndroidManifest.xml:5:3-77
15-->src\main\AndroidManifest.xml:5:20-75
16    <uses-permission android:name="android.permission.RECORD_AUDIO" />
16-->src\main\AndroidManifest.xml:6:3-68
16-->src\main\AndroidManifest.xml:6:20-66
17    <uses-permission android:name="android.permission.VIBRATE" />
17-->src\main\AndroidManifest.xml:8:3-63
17-->src\main\AndroidManifest.xml:8:20-61
18    <uses-permission android:name="android.permission.WRITE_EXTERNAL_STORAGE" />
18-->src\main\AndroidManifest.xml:9:3-78
18-->src\main\AndroidManifest.xml:9:20-76
19
20    <queries>
20-->src\main\AndroidManifest.xml:10:3-16:13
21        <intent>
21-->src\main\AndroidManifest.xml:11:5-15:14
22            <action android:name="android.intent.action.VIEW" />
22-->src\main\AndroidManifest.xml:12:7-58
22-->src\main\AndroidManifest.xml:12:15-56
23
24            <category android:name="android.intent.category.BROWSABLE" />
24-->src\main\AndroidManifest.xml:13:7-67
24-->src\main\AndroidManifest.xml:13:17-65
25
26            <data android:scheme="https" />
26-->src\main\AndroidManifest.xml:14:7-37
26-->src\main\AndroidManifest.xml:14:13-35
27        </intent>
28    </queries>
29
30    <permission
30-->[androidx.core:core:1.16.0] AndroidManifest.xml:22:5-24:47
31        android:name="com.papon254.myproj.DYNAMIC_RECEIVER_NOT_EXPORTED_PERMISSION"
31-->[androidx.core:core:1.16.0] AndroidManifest.xml:23:9-81
32        android:protectionLevel="signature" />
32-->[androidx.core:core:1.16.0] AndroidManifest.xml:24:9-44
33
34    <uses-permission android:name="com.papon254.myproj.DYNAMIC_RECEIVER_NOT_EXPORTED_PERMISSION" />
34-->[androidx.core:core:1.16.0] AndroidManifest.xml:26:5-97
34-->[androidx.core:core:1.16.0] AndroidManifest.xml:26:22-94
35
36    <application
36-->src\main\AndroidManifest.xml:17:3-33:17
37        android:name="com.papon254.myproj.MainApplication"
37-->src\main\AndroidManifest.xml:17:16-47
38        android:allowBackup="true"
38-->src\main\AndroidManifest.xml:17:162-188
39        android:appComponentFactory="androidx.core.app.CoreComponentFactory"
39-->[androidx.core:core:1.16.0] AndroidManifest.xml:28:18-86
40        android:debuggable="true"
41        android:extractNativeLibs="false"
42        android:icon="@mipmap/ic_launcher"
42-->src\main\AndroidManifest.xml:17:81-115
43        android:label="@string/app_name"
43-->src\main\AndroidManifest.xml:17:48-80
44        android:roundIcon="@mipmap/ic_launcher_round"
44-->src\main\AndroidManifest.xml:17:116-161
45        android:supportsRtl="true"
45-->src\main\AndroidManifest.xml:17:221-247
46        android:theme="@style/AppTheme"
46-->src\main\AndroidManifest.xml:17:189-220
47        android:usesCleartextTraffic="true" >
47-->src\debug\AndroidManifest.xml:6:18-53
48        <meta-data
48-->src\main\AndroidManifest.xml:18:5-83
49            android:name="expo.modules.updates.ENABLED"
49-->src\main\AndroidManifest.xml:18:16-59
50            android:value="false" />
50-->src\main\AndroidManifest.xml:18:60-81
51        <meta-data
51-->src\main\AndroidManifest.xml:19:5-105
52            android:name="expo.modules.updates.EXPO_UPDATES_CHECK_ON_LAUNCH"
52-->src\main\AndroidManifest.xml:19:16-80
53            android:value="ALWAYS" />
53-->src\main\AndroidManifest.xml:19:81-103
54        <meta-data
54-->src\main\AndroidManifest.xml:20:5-99
55            android:name="expo.modules.updates.EXPO_UPDATES_LAUNCH_WAIT_MS"
55-->src\main\AndroidManifest.xml:20:16-79
56            android:value="0" />
56-->src\main\AndroidManifest.xml:20:80-97
57
58        <activity
58-->src\main\AndroidManifest.xml:21:5-32:16
59            android:name="com.papon254.myproj.MainActivity"
59-->src\main\AndroidManifest.xml:21:15-43
60            android:configChanges="keyboard|keyboardHidden|orientation|screenSize|screenLayout|uiMode"
60-->src\main\AndroidManifest.xml:21:44-134
61            android:exported="true"
61-->src\main\AndroidManifest.xml:21:256-279
62            android:launchMode="singleTask"
62-->src\main\AndroidManifest.xml:21:135-166
63            android:screenOrientation="portrait"
63-->src\main\AndroidManifest.xml:21:280-316
64            android:theme="@style/Theme.App.SplashScreen"
64-->src\main\AndroidManifest.xml:21:210-255
65            android:windowSoftInputMode="adjustResize" >
65-->src\main\AndroidManifest.xml:21:167-209
66            <intent-filter>
66-->src\main\AndroidManifest.xml:22:7-25:23
67                <action android:name="android.intent.action.MAIN" />
67-->src\main\AndroidManifest.xml:23:9-60
67-->src\main\AndroidManifest.xml:23:17-58
68
69                <category android:name="android.intent.category.LAUNCHER" />
69-->src\main\AndroidManifest.xml:24:9-68
69-->src\main\AndroidManifest.xml:24:19-66
70            </intent-filter>
71            <intent-filter>
71-->src\main\AndroidManifest.xml:26:7-31:23
72                <action android:name="android.intent.action.VIEW" />
72-->src\main\AndroidManifest.xml:12:7-58
72-->src\main\AndroidManifest.xml:12:15-56
73
74                <category android:name="android.intent.category.DEFAULT" />
74-->src\main\AndroidManifest.xml:28:9-67
74-->src\main\AndroidManifest.xml:28:19-65
75                <category android:name="android.intent.category.BROWSABLE" />
75-->src\main\AndroidManifest.xml:13:7-67
75-->src\main\AndroidManifest.xml:13:17-65
76
77                <data android:scheme="com.papon254.myproj" />
77-->src\main\AndroidManifest.xml:14:7-37
77-->src\main\AndroidManifest.xml:14:13-35
78            </intent-filter>
79        </activity>
80        <activity
80-->[com.facebook.react:react-android:0.76.7] AndroidManifest.xml:19:9-21:40
81            android:name="com.facebook.react.devsupport.DevSettingsActivity"
81-->[com.facebook.react:react-android:0.76.7] AndroidManifest.xml:20:13-77
82            android:exported="false" />
82-->[com.facebook.react:react-android:0.76.7] AndroidManifest.xml:21:13-37
83
84        <provider
84-->[androidx.emoji2:emoji2:1.2.0] AndroidManifest.xml:24:9-32:20
85            android:name="androidx.startup.InitializationProvider"
85-->[androidx.emoji2:emoji2:1.2.0] AndroidManifest.xml:25:13-67
86            android:authorities="com.papon254.myproj.androidx-startup"
86-->[androidx.emoji2:emoji2:1.2.0] AndroidManifest.xml:26:13-68
87            android:exported="false" >
87-->[androidx.emoji2:emoji2:1.2.0] AndroidManifest.xml:27:13-37
88            <meta-data
88-->[androidx.emoji2:emoji2:1.2.0] AndroidManifest.xml:29:13-31:52
89                android:name="androidx.emoji2.text.EmojiCompatInitializer"
89-->[androidx.emoji2:emoji2:1.2.0] AndroidManifest.xml:30:17-75
90                android:value="androidx.startup" />
90-->[androidx.emoji2:emoji2:1.2.0] AndroidManifest.xml:31:17-49
91            <meta-data
91-->[androidx.lifecycle:lifecycle-process:2.6.2] AndroidManifest.xml:29:13-31:52
92                android:name="androidx.lifecycle.ProcessLifecycleInitializer"
92-->[androidx.lifecycle:lifecycle-process:2.6.2] AndroidManifest.xml:30:17-78
93                android:value="androidx.startup" />
93-->[androidx.lifecycle:lifecycle-process:2.6.2] AndroidManifest.xml:31:17-49
94            <meta-data
94-->[androidx.profileinstaller:profileinstaller:1.3.0] AndroidManifest.xml:29:13-31:52
95                android:name="androidx.profileinstaller.ProfileInstallerInitializer"
95-->[androidx.profileinstaller:profileinstaller:1.3.0] AndroidManifest.xml:30:17-85
96                android:value="androidx.startup" />
96-->[androidx.profileinstaller:profileinstaller:1.3.0] AndroidManifest.xml:31:17-49
97        </provider>
98
99        <receiver
99-->[androidx.profileinstaller:profileinstaller:1.3.0] AndroidManifest.xml:34:9-52:20
100            android:name="androidx.profileinstaller.ProfileInstallReceiver"
100-->[androidx.profileinstaller:profileinstaller:1.3.0] AndroidManifest.xml:35:13-76
101            android:directBootAware="false"
101-->[androidx.profileinstaller:profileinstaller:1.3.0] AndroidManifest.xml:36:13-44
102            android:enabled="true"
102-->[androidx.profileinstaller:profileinstaller:1.3.0] AndroidManifest.xml:37:13-35
103            android:exported="true"
103-->[androidx.profileinstaller:profileinstaller:1.3.0] AndroidManifest.xml:38:13-36
104            android:permission="android.permission.DUMP" >
104-->[androidx.profileinstaller:profileinstaller:1.3.0] AndroidManifest.xml:39:13-57
105            <intent-filter>
105-->[androidx.profileinstaller:profileinstaller:1.3.0] AndroidManifest.xml:40:13-42:29
106                <action android:name="androidx.profileinstaller.action.INSTALL_PROFILE" />
106-->[androidx.profileinstaller:profileinstaller:1.3.0] AndroidManifest.xml:41:17-91
106-->[androidx.profileinstaller:profileinstaller:1.3.0] AndroidManifest.xml:41:25-88
107            </intent-filter>
108            <intent-filter>
108-->[androidx.profileinstaller:profileinstaller:1.3.0] AndroidManifest.xml:43:13-45:29
109                <action android:name="androidx.profileinstaller.action.SKIP_FILE" />
109-->[androidx.profileinstaller:profileinstaller:1.3.0] AndroidManifest.xml:44:17-85
109-->[androidx.profileinstaller:profileinstaller:1.3.0] AndroidManifest.xml:44:25-82
110            </intent-filter>
111            <intent-filter>
111-->[androidx.profileinstaller:profileinstaller:1.3.0] AndroidManifest.xml:46:13-48:29
112                <action android:name="androidx.profileinstaller.action.SAVE_PROFILE" />
112-->[androidx.profileinstaller:profileinstaller:1.3.0] AndroidManifest.xml:47:17-88
112-->[androidx.profileinstaller:profileinstaller:1.3.0] AndroidManifest.xml:47:25-85
113            </intent-filter>
114            <intent-filter>
114-->[androidx.profileinstaller:profileinstaller:1.3.0] AndroidManifest.xml:49:13-51:29
115                <action android:name="androidx.profileinstaller.action.BENCHMARK_OPERATION" />
115-->[androidx.profileinstaller:profileinstaller:1.3.0] AndroidManifest.xml:50:17-95
115-->[androidx.profileinstaller:profileinstaller:1.3.0] AndroidManifest.xml:50:25-92
116            </intent-filter>
117        </receiver>
118
119        <meta-data
119-->[com.facebook.soloader:soloader:0.12.1] AndroidManifest.xml:12:9-14:37
120            android:name="com.facebook.soloader.enabled"
120-->[com.facebook.soloader:soloader:0.12.1] AndroidManifest.xml:13:13-57
121            android:value="false" />
121-->[com.facebook.soloader:soloader:0.12.1] AndroidManifest.xml:14:13-34
122    </application>
123
124</manifest>